<?xml version='1.0'?>
<ns2:test-suite xmlns:ns2='urn:model.allure.qatools.yandex.ru' start='1574487606096' stop='1574487606412'>
    <name>Login Module</name>
    <title>Login Module</title>
    <test-cases>
        <test-case start='1574487606124' status='broken' stop='1574487606144'>
            <name>should not allow me to login with blank input</name>
            <title>should not allow me to login with blank input</title>
            <labels>
                <label name='language' value='javascript'/>
                <label name='framework' value='wdio'/>
                <label name='thread' value='0-0'/>
            </labels>
            <parameters>
                <parameter kind='argument' name='browser' value='chrome'/>
            </parameters>
            <steps/>
            <attachments/>
            <failure>
                <message>allureReporter is not defined</message>
                <stack-trace>ReferenceError: allureReporter is not defined
                    at Context.it (/Volumes/DATA/TestMyProject/testSM/test/specs/login/login.js:18:5)</stack-trace>
            </failure>
        </test-case>
        <test-case start='1574487606153' status='broken' stop='1574487606157'>
            <name>should not allow to login with only email address</name>
            <title>should not allow to login with only email address</title>
            <labels>
                <label name='language' value='javascript'/>
                <label name='framework' value='wdio'/>
                <label name='thread' value='0-0'/>
            </labels>
            <parameters>
                <parameter kind='argument' name='browser' value='chrome'/>
            </parameters>
            <steps/>
            <attachments/>
            <failure>
                <message>allureReporter is not defined</message>
                <stack-trace>ReferenceError: allureReporter is not defined
                    at Context.it (/Volumes/DATA/TestMyProject/testSM/test/specs/login/login.js:24:5)</stack-trace>
            </failure>
        </test-case>
        <test-case start='1574487606159' status='broken' stop='1574487606164'>
            <name>should not allow to login with invalid email address</name>
            <title>should not allow to login with invalid email address</title>
            <labels>
                <label name='language' value='javascript'/>
                <label name='framework' value='wdio'/>
                <label name='thread' value='0-0'/>
            </labels>
            <parameters>
                <parameter kind='argument' name='browser' value='chrome'/>
            </parameters>
            <steps/>
            <attachments/>
            <failure>
                <message>allureReporter is not defined</message>
                <stack-trace>ReferenceError: allureReporter is not defined
                    at Context.it (/Volumes/DATA/TestMyProject/testSM/test/specs/login/login.js:30:5)</stack-trace>
            </failure>
        </test-case>
        <test-case start='1574487606167' status='broken' stop='1574487606174'>
            <name>should not allow to login with invalid credentials</name>
            <title>should not allow to login with invalid credentials</title>
            <labels>
                <label name='language' value='javascript'/>
                <label name='framework' value='wdio'/>
                <label name='thread' value='0-0'/>
            </labels>
            <parameters>
                <parameter kind='argument' name='browser' value='chrome'/>
            </parameters>
            <steps/>
            <attachments/>
            <failure>
                <message>allureReporter is not defined</message>
                <stack-trace>ReferenceError: allureReporter is not defined
                    at Context.it (/Volumes/DATA/TestMyProject/testSM/test/specs/login/login.js:36:5)</stack-trace>
            </failure>
        </test-case>
        <test-case start='1574487606178' status='broken' stop='1574487606185'>
            <name>should  allow to login with valid input and verify home screen banner</name>
            <title>should  allow to login with valid input and verify home screen banner</title>
            <labels>
                <label name='language' value='javascript'/>
                <label name='framework' value='wdio'/>
                <label name='thread' value='0-0'/>
            </labels>
            <parameters>
                <parameter kind='argument' name='browser' value='chrome'/>
            </parameters>
            <steps/>
            <attachments/>
            <failure>
                <message>allureReporter is not defined</message>
                <stack-trace>ReferenceError: allureReporter is not defined
                    at Context.it (/Volumes/DATA/TestMyProject/testSM/test/specs/login/login.js:43:5)</stack-trace>
            </failure>
        </test-case>
    </test-cases>
</ns2:test-suite>