<?xml version='1.0'?>
<ns2:test-suite xmlns:ns2='urn:model.allure.qatools.yandex.ru' start='1575878688245' stop='1575878759591'>
    <name>Login Module</name>
    <title>Login Module</title>
    <test-cases>
        <test-case start='1575878688579' status='passed' stop='1575878709252'>
            <name>should not allow me to login with blank input</name>
            <title>should not allow me to login with blank input</title>
            <labels>
                <label name='language' value='javascript'/>
                <label name='framework' value='wdio'/>
                <label name='thread' value='0-0'/>
            </labels>
            <parameters>
                <parameter kind='argument' name='browser' value='chrome'/>
            </parameters>
            <steps/>
            <attachments/>
        </test-case>
        <test-case start='1575878709254' status='passed' stop='1575878713778'>
            <name>should not allow to login with only email address</name>
            <title>should not allow to login with only email address</title>
            <labels>
                <label name='language' value='javascript'/>
                <label name='framework' value='wdio'/>
                <label name='thread' value='0-0'/>
            </labels>
            <parameters>
                <parameter kind='argument' name='browser' value='chrome'/>
            </parameters>
            <steps/>
            <attachments/>
        </test-case>
        <test-case start='1575878713780' status='broken' stop='1575878713791'>
            <name>should not allow to login with invalid email address</name>
            <title>should not allow to login with invalid email address</title>
            <labels>
                <label name='language' value='javascript'/>
                <label name='framework' value='wdio'/>
                <label name='thread' value='0-0'/>
            </labels>
            <parameters>
                <parameter kind='argument' name='browser' value='chrome'/>
            </parameters>
            <steps/>
            <attachments/>
            <failure>
                <message>allureReporter is not defined</message>
                <stack-trace>ReferenceError: allureReporter is not defined
                    at Context.it (/Volumes/DATA/TestMyProject/testSM/test/specs/login/login.js:30:5)</stack-trace>
            </failure>
        </test-case>
        <test-case start='1575878713794' status='passed' stop='1575878720336'>
            <name>should not allow to login with invalid credentials</name>
            <title>should not allow to login with invalid credentials</title>
            <labels>
                <label name='language' value='javascript'/>
                <label name='framework' value='wdio'/>
                <label name='thread' value='0-0'/>
            </labels>
            <parameters>
                <parameter kind='argument' name='browser' value='chrome'/>
            </parameters>
            <steps/>
            <attachments/>
        </test-case>
        <test-case start='1575878720337' status='broken' stop='1575878759571'>
            <name>should  allow to login with valid input and verify home screen banner</name>
            <title>should  allow to login with valid input and verify home screen banner</title>
            <labels>
                <label name='language' value='javascript'/>
                <label name='framework' value='wdio'/>
                <label name='thread' value='0-0'/>
            </labels>
            <parameters>
                <parameter kind='argument' name='browser' value='chrome'/>
            </parameters>
            <steps/>
            <attachments/>
            <failure>
                <message>Can't call getText on element with selector "h2=Dashboard" because element wasn't found</message>
                <stack-trace>Error: Can't call getText on element with selector "h2=Dashboard" because element wasn't found
                    at Context.it (/Volumes/DATA/TestMyProject/testSM/test/specs/login/login.js:48:37)</stack-trace>
            </failure>
        </test-case>
    </test-cases>
</ns2:test-suite>