<?xml version='1.0'?>
<ns2:test-suite xmlns:ns2='urn:model.allure.qatools.yandex.ru' start='1583753630561' stop='1583753717873'>
    <name>Login Module</name>
    <title>Login Module</title>
    <test-cases>
        <test-case start='1583753650974' status='broken' stop='1583753663765'>
            <name>should open with google sign-in</name>
            <title>should open with google sign-in</title>
            <labels>
                <label name='language' value='javascript'/>
                <label name='framework' value='wdio'/>
                <label name='thread' value='0-0'/>
            </labels>
            <parameters>
                <parameter kind='argument' name='browser' value='chrome'/>
            </parameters>
            <steps/>
            <attachments/>
            <failure>
                <message>Can't call click on element with selector "//div[@id='passwordNext']" because element wasn't found</message>
                <stack-trace>Error: Can't call click on element with selector "//div[@id='passwordNext']" because element wasn't found
                    at Context.it (/home/ad.rapidops.com/priyanka.vlr/Downloads/TestProject-master/test/specs/login/login.js:38:24)</stack-trace>
            </failure>
        </test-case>
        <test-case start='1583753663765' status='broken' stop='1583753673785'>
            <name>should not allow me to login with blank input</name>
            <title>should not allow me to login with blank input</title>
            <labels>
                <label name='language' value='javascript'/>
                <label name='framework' value='wdio'/>
                <label name='thread' value='0-0'/>
            </labels>
            <parameters>
                <parameter kind='argument' name='browser' value='chrome'/>
            </parameters>
            <steps/>
            <attachments/>
            <failure>
                <message>Can't call addValue on element with selector "#email" because element wasn't found</message>
                <stack-trace>Error: Can't call addValue on element with selector "#email" because element wasn't found
                    at Function.Login (/home/ad.rapidops.com/priyanka.vlr/Downloads/TestProject-master/test/specs/basic.js:19:14)
                    at Context.it (/home/ad.rapidops.com/priyanka.vlr/Downloads/TestProject-master/test/specs/login/login.js:43:18)</stack-trace>
            </failure>
        </test-case>
        <test-case start='1583753673785' status='broken' stop='1583753684808'>
            <name>should not allow to login with only email address</name>
            <title>should not allow to login with only email address</title>
            <labels>
                <label name='language' value='javascript'/>
                <label name='framework' value='wdio'/>
                <label name='thread' value='0-0'/>
            </labels>
            <parameters>
                <parameter kind='argument' name='browser' value='chrome'/>
            </parameters>
            <steps/>
            <attachments/>
            <failure>
                <message>Can't call addValue on element with selector "#email" because element wasn't found</message>
                <stack-trace>Error: Can't call addValue on element with selector "#email" because element wasn't found
                    at Function.Login (/home/ad.rapidops.com/priyanka.vlr/Downloads/TestProject-master/test/specs/basic.js:19:14)
                    at Context.it (/home/ad.rapidops.com/priyanka.vlr/Downloads/TestProject-master/test/specs/login/login.js:49:17)</stack-trace>
            </failure>
        </test-case>
        <test-case start='1583753684809' status='broken' stop='1583753695827'>
            <name>should not allow to login with invalid email address</name>
            <title>should not allow to login with invalid email address</title>
            <labels>
                <label name='language' value='javascript'/>
                <label name='framework' value='wdio'/>
                <label name='thread' value='0-0'/>
            </labels>
            <parameters>
                <parameter kind='argument' name='browser' value='chrome'/>
            </parameters>
            <steps/>
            <attachments/>
            <failure>
                <message>Can't call addValue on element with selector "#email" because element wasn't found</message>
                <stack-trace>Error: Can't call addValue on element with selector "#email" because element wasn't found
                    at Function.Login (/home/ad.rapidops.com/priyanka.vlr/Downloads/TestProject-master/test/specs/basic.js:19:14)
                    at Context.it (/home/ad.rapidops.com/priyanka.vlr/Downloads/TestProject-master/test/specs/login/login.js:55:17)</stack-trace>
            </failure>
        </test-case>
        <test-case start='1583753695828' status='broken' stop='1583753706849'>
            <name>should not allow to login with invalid credentials</name>
            <title>should not allow to login with invalid credentials</title>
            <labels>
                <label name='language' value='javascript'/>
                <label name='framework' value='wdio'/>
                <label name='thread' value='0-0'/>
            </labels>
            <parameters>
                <parameter kind='argument' name='browser' value='chrome'/>
            </parameters>
            <steps/>
            <attachments/>
            <failure>
                <message>Can't call addValue on element with selector "#email" because element wasn't found</message>
                <stack-trace>Error: Can't call addValue on element with selector "#email" because element wasn't found
                    at Function.Login (/home/ad.rapidops.com/priyanka.vlr/Downloads/TestProject-master/test/specs/basic.js:19:14)
                    at Context.it (/home/ad.rapidops.com/priyanka.vlr/Downloads/TestProject-master/test/specs/login/login.js:61:17)</stack-trace>
            </failure>
        </test-case>
        <test-case start='1583753706849' status='broken' stop='1583753717872'>
            <name>should  allow to login with valid input and verify home screen banner</name>
            <title>should  allow to login with valid input and verify home screen banner</title>
            <labels>
                <label name='language' value='javascript'/>
                <label name='framework' value='wdio'/>
                <label name='thread' value='0-0'/>
            </labels>
            <parameters>
                <parameter kind='argument' name='browser' value='chrome'/>
            </parameters>
            <steps/>
            <attachments/>
            <failure>
                <message>Can't call addValue on element with selector "#email" because element wasn't found</message>
                <stack-trace>Error: Can't call addValue on element with selector "#email" because element wasn't found
                    at Function.Login (/home/ad.rapidops.com/priyanka.vlr/Downloads/TestProject-master/test/specs/basic.js:19:14)
                    at Context.it (/home/ad.rapidops.com/priyanka.vlr/Downloads/TestProject-master/test/specs/login/login.js:68:18)</stack-trace>
            </failure>
        </test-case>
    </test-cases>
</ns2:test-suite>