<?xml version='1.0'?>
<ns2:test-suite xmlns:ns2='urn:model.allure.qatools.yandex.ru' start='1575878382622' stop='1575878442788'>
    <name>Login Module</name>
    <title>Login Module</title>
    <test-cases>
        <test-case start='1575878382691' status='passed' stop='1575878437738'>
            <name>should not allow me to login with blank input</name>
            <title>should not allow me to login with blank input</title>
            <labels>
                <label name='language' value='javascript'/>
                <label name='framework' value='wdio'/>
                <label name='thread' value='0-0'/>
            </labels>
            <parameters>
                <parameter kind='argument' name='browser' value='chrome'/>
            </parameters>
            <steps/>
            <attachments/>
        </test-case>
        <test-case start='1575878437741' status='passed' stop='1575878442634'>
            <name>should not allow to login with only email address</name>
            <title>should not allow to login with only email address</title>
            <labels>
                <label name='language' value='javascript'/>
                <label name='framework' value='wdio'/>
                <label name='thread' value='0-0'/>
            </labels>
            <parameters>
                <parameter kind='argument' name='browser' value='chrome'/>
            </parameters>
            <steps/>
            <attachments/>
        </test-case>
        <test-case start='1575878442636' status='broken' stop='1575878442661'>
            <name>should not allow to login with invalid email address</name>
            <title>should not allow to login with invalid email address</title>
            <labels>
                <label name='language' value='javascript'/>
                <label name='framework' value='wdio'/>
                <label name='thread' value='0-0'/>
            </labels>
            <parameters>
                <parameter kind='argument' name='browser' value='chrome'/>
            </parameters>
            <steps/>
            <attachments/>
            <failure>
                <message>allureReporter is not defined</message>
                <stack-trace>ReferenceError: allureReporter is not defined
                    at Context.it (/Volumes/DATA/TestMyProject/testSM/test/specs/login/login.js:30:5)
                    at Promise (/Volumes/DATA/TestMyProject/testSM/node_modules/@wdio/sync/build/index.js:65:22)
                    at new Promise (&lt;anonymous>)
                    at Context.executeSync (/Volumes/DATA/TestMyProject/testSM/node_modules/@wdio/sync/build/index.js:63:10)
                    at /Volumes/DATA/TestMyProject/testSM/node_modules/@wdio/sync/build/index.js:209:70</stack-trace>
            </failure>
        </test-case>
        <test-case start='1575878442684' status='broken' stop='1575878442709'>
            <name>should not allow to login with invalid credentials</name>
            <title>should not allow to login with invalid credentials</title>
            <labels>
                <label name='language' value='javascript'/>
                <label name='framework' value='wdio'/>
                <label name='thread' value='0-0'/>
            </labels>
            <parameters>
                <parameter kind='argument' name='browser' value='chrome'/>
            </parameters>
            <steps/>
            <attachments/>
            <failure>
                <message>allureReporter is not defined</message>
                <stack-trace>ReferenceError: allureReporter is not defined
                    at Context.it (/Volumes/DATA/TestMyProject/testSM/test/specs/login/login.js:36:5)</stack-trace>
            </failure>
        </test-case>
        <test-case start='1575878442711' status='broken' stop='1575878442785'>
            <name>should  allow to login with valid input and verify home screen banner</name>
            <title>should  allow to login with valid input and verify home screen banner</title>
            <labels>
                <label name='language' value='javascript'/>
                <label name='framework' value='wdio'/>
                <label name='thread' value='0-0'/>
            </labels>
            <parameters>
                <parameter kind='argument' name='browser' value='chrome'/>
            </parameters>
            <steps/>
            <attachments/>
            <failure>
                <message>allureReporter is not defined</message>
                <stack-trace>ReferenceError: allureReporter is not defined
                    at Context.it (/Volumes/DATA/TestMyProject/testSM/test/specs/login/login.js:43:5)</stack-trace>
            </failure>
        </test-case>
    </test-cases>
</ns2:test-suite>